{
  "stats": {
    "suites": 2,
    "tests": 2,
    "passes": 2,
    "pending": 0,
    "failures": 0,
    "start": "2022-11-21T11:11:04.046Z",
    "end": "2022-11-21T11:11:16.326Z",
    "duration": 7225,
    "testsRegistered": 2,
    "passPercent": 100,
    "pendingPercent": 0,
    "other": 0,
    "hasOther": false,
    "skipped": 0,
    "hasSkipped": false
  },
  "results": [
    {
      "uuid": "1985fa52-7c00-4502-935c-6df8f86455be",
      "title": "",
      "fullFile": "cypress\\e2e\\test2.js",
      "file": "cypress\\e2e\\test2.js",
      "beforeHooks": [],
      "afterHooks": [],
      "tests": [],
      "suites": [
        {
          "uuid": "3ebc8d70-f7cc-494b-a75d-cf4f3bf13563",
          "title": "Headless suilte 2 i copied",
          "fullFile": "",
          "file": "",
          "beforeHooks": [],
          "afterHooks": [],
          "tests": [
            {
              "title": "Second test, bitch",
              "fullTitle": "Headless suilte 2 i copied Second test, bitch",
              "timedOut": null,
              "duration": 3380,
              "state": "passed",
              "speed": "fast",
              "pass": true,
              "fail": false,
              "pending": false,
              "context": null,
              "code": "cy.contains('Forms').click();\ncy.contains('Form Layouts').click();\ncy.get('[data-cy=\"imputEmail1\"]').type(Cypress.env('email'));\ncy.get('#inputPassword2').type(Cypress.env('password'));\ncy.contains('nb-card', 'Using the Grid').should('contain', 'Sign in');\ncy.contains('nb-card', 'Sign in').click();",
              "err": {},
              "uuid": "96345327-c022-4314-b90f-bc2228dc60e0",
              "parentUUID": "3ebc8d70-f7cc-494b-a75d-cf4f3bf13563",
              "isHook": false,
              "skipped": false
            }
          ],
          "suites": [],
          "passes": [
            "96345327-c022-4314-b90f-bc2228dc60e0"
          ],
          "failures": [],
          "pending": [],
          "skipped": [],
          "duration": 3380,
          "root": false,
          "rootEmpty": false,
          "_timeout": 2000
        }
      ],
      "passes": [],
      "failures": [],
      "pending": [],
      "skipped": [],
      "duration": 0,
      "root": true,
      "rootEmpty": true,
      "_timeout": 2000
    },
    {
      "uuid": "0f37c276-7f2a-4a83-bfa0-f073f68348db",
      "title": "",
      "fullFile": "cypress\\e2e\\headlessTest.js",
      "file": "cypress\\e2e\\headlessTest.js",
      "beforeHooks": [],
      "afterHooks": [],
      "tests": [],
      "suites": [
        {
          "uuid": "18130291-7674-436b-b614-70db235dd48d",
          "title": "Headless suilte",
          "fullFile": "",
          "file": "",
          "beforeHooks": [],
          "afterHooks": [],
          "tests": [
            {
              "title": "First test, bitch",
              "fullTitle": "Headless suilte First test, bitch",
              "timedOut": null,
              "duration": 3845,
              "state": "passed",
              "speed": "fast",
              "pass": true,
              "fail": false,
              "pending": false,
              "context": null,
              "code": "cy.contains('Forms').click();\ncy.contains('Form Layouts').click();\ncy.get('[data-cy=\"imputEmail1\"]').type(Cypress.env('email'));\ncy.get('#inputPassword2').type(Cypress.env('password'));\ncy.contains('nb-card', 'Using the Grid').should('contain', 'Sign in');\ncy.contains('nb-card', 'Sign in').click();",
              "err": {},
              "uuid": "c545606d-33f1-4fed-b0bb-9a4cbe763d9a",
              "parentUUID": "18130291-7674-436b-b614-70db235dd48d",
              "isHook": false,
              "skipped": false
            }
          ],
          "suites": [],
          "passes": [
            "c545606d-33f1-4fed-b0bb-9a4cbe763d9a"
          ],
          "failures": [],
          "pending": [],
          "skipped": [],
          "duration": 3845,
          "root": false,
          "rootEmpty": false,
          "_timeout": 2000
        }
      ],
      "passes": [],
      "failures": [],
      "pending": [],
      "skipped": [],
      "duration": 0,
      "root": true,
      "rootEmpty": true,
      "_timeout": 2000
    }
  ],
  "meta": {
    "mocha": {
      "version": "7.0.1"
    },
    "mochawesome": {
      "options": {
        "quiet": false,
        "reportFilename": "mochawesome",
        "saveHtml": false,
        "saveJson": true,
        "consoleReporter": "spec",
        "useInlineDiffs": false,
        "code": true
      },
      "version": "7.1.3"
    },
    "marge": {
      "options": {
        "id": "default",
        "reportDir": "cypress/results/mochawesome",
        "overwrite": false,
        "html": false,
        "json": true
      },
      "version": "6.2.0"
    }
  }
}