{
  "stats": {
    "suites": 1,
    "tests": 1,
    "passes": 1,
    "pending": 0,
    "failures": 0,
    "start": "2022-11-22T11:11:33.713Z",
    "end": "2022-11-22T11:11:38.050Z",
    "duration": 4337,
    "testsRegistered": 1,
    "passPercent": 100,
    "pendingPercent": 0,
    "other": 0,
    "hasOther": false,
    "skipped": 0,
    "hasSkipped": false
  },
  "results": [
    {
      "uuid": "f065ba8d-3fa9-4a56-b272-4bc22a8deca4",
      "title": "",
      "fullFile": "cypress\\e2e\\test2.js",
      "file": "cypress\\e2e\\test2.js",
      "beforeHooks": [],
      "afterHooks": [],
      "tests": [],
      "suites": [
        {
          "uuid": "cb514aa6-b286-4369-b88c-2bd8fc095502",
          "title": "Headless suilte 2 i copied",
          "fullFile": "",
          "file": "",
          "beforeHooks": [],
          "afterHooks": [],
          "tests": [
            {
              "title": "Second test, bitch",
              "fullTitle": "Headless suilte 2 i copied Second test, bitch",
              "timedOut": null,
              "duration": 3391,
              "state": "passed",
              "speed": "fast",
              "pass": true,
              "fail": false,
              "pending": false,
              "context": null,
              "code": "cy.contains('Forms').click();\ncy.contains('Form Layouts').click();\ncy.get('[data-cy=\"imputEmail1\"]').type(Cypress.env('email'));\ncy.get('#inputPassword2').type(Cypress.env('password'));\ncy.contains('nb-card', 'Using the Grid').should('contain', 'Sign in');\ncy.contains('nb-card', 'Sign in').click();",
              "err": {},
              "uuid": "c14a87eb-c584-48df-9f71-f3c5d62e8618",
              "parentUUID": "cb514aa6-b286-4369-b88c-2bd8fc095502",
              "isHook": false,
              "skipped": false
            }
          ],
          "suites": [],
          "passes": [
            "c14a87eb-c584-48df-9f71-f3c5d62e8618"
          ],
          "failures": [],
          "pending": [],
          "skipped": [],
          "duration": 3391,
          "root": false,
          "rootEmpty": false,
          "_timeout": 2000
        }
      ],
      "passes": [],
      "failures": [],
      "pending": [],
      "skipped": [],
      "duration": 0,
      "root": true,
      "rootEmpty": true,
      "_timeout": 2000
    }
  ],
  "meta": {
    "mocha": {
      "version": "7.0.1"
    },
    "mochawesome": {
      "options": {
        "quiet": false,
        "reportFilename": "mochawesome",
        "saveHtml": false,
        "saveJson": true,
        "consoleReporter": "spec",
        "useInlineDiffs": false,
        "code": true
      },
      "version": "7.1.3"
    },
    "marge": {
      "options": {
        "id": "default",
        "reportDir": "cypress/results/mochawesome",
        "overwrite": false,
        "html": false,
        "json": true
      },
      "version": "6.2.0"
    }
  }
}