{
  "stats": {
    "suites": 1,
    "tests": 1,
    "passes": 1,
    "pending": 0,
    "failures": 0,
    "start": "2022-11-22T11:19:02.445Z",
    "end": "2022-11-22T11:19:07.645Z",
    "duration": 5200,
    "testsRegistered": 1,
    "passPercent": 100,
    "pendingPercent": 0,
    "other": 0,
    "hasOther": false,
    "skipped": 0,
    "hasSkipped": false
  },
  "results": [
    {
      "uuid": "85f22076-9adf-48e0-905b-65d350d4bab3",
      "title": "",
      "fullFile": "cypress\\e2e\\headlessTest.js",
      "file": "cypress\\e2e\\headlessTest.js",
      "beforeHooks": [],
      "afterHooks": [],
      "tests": [],
      "suites": [
        {
          "uuid": "c28451a0-7a23-4843-a87a-ef3e4000ca5d",
          "title": "Headless suilte",
          "fullFile": "",
          "file": "",
          "beforeHooks": [],
          "afterHooks": [],
          "tests": [
            {
              "title": "First test, bitch",
              "fullTitle": "Headless suilte First test, bitch",
              "timedOut": null,
              "duration": 3882,
              "state": "passed",
              "speed": "fast",
              "pass": true,
              "fail": false,
              "pending": false,
              "context": null,
              "code": "cy.contains('Forms').click();\ncy.contains('Form Layouts').click();\ncy.get('[data-cy=\"imputEmail1\"]').type(Cypress.env('email'));\ncy.get('#inputPassword2').type(Cypress.env('password'));\ncy.contains('nb-card', 'Using the Grid').should('contain', 'Sign in');\ncy.contains('nb-card', 'Sign in').click();",
              "err": {},
              "uuid": "cb3eb755-8b23-48a7-a730-ddcab2c3b6e5",
              "parentUUID": "c28451a0-7a23-4843-a87a-ef3e4000ca5d",
              "isHook": false,
              "skipped": false
            }
          ],
          "suites": [],
          "passes": [
            "cb3eb755-8b23-48a7-a730-ddcab2c3b6e5"
          ],
          "failures": [],
          "pending": [],
          "skipped": [],
          "duration": 3882,
          "root": false,
          "rootEmpty": false,
          "_timeout": 2000
        }
      ],
      "passes": [],
      "failures": [],
      "pending": [],
      "skipped": [],
      "duration": 0,
      "root": true,
      "rootEmpty": true,
      "_timeout": 2000
    }
  ],
  "meta": {
    "mocha": {
      "version": "7.0.1"
    },
    "mochawesome": {
      "options": {
        "quiet": false,
        "reportFilename": "mochawesome",
        "saveHtml": false,
        "saveJson": true,
        "consoleReporter": "spec",
        "useInlineDiffs": false,
        "code": true
      },
      "version": "7.1.3"
    },
    "marge": {
      "options": {
        "id": "default",
        "reportDir": "cypress/results/mochawesome",
        "overwrite": false,
        "html": false,
        "json": true
      },
      "version": "6.2.0"
    }
  }
}