<?xml version="1.0" encoding="UTF-8"?>
<testsuites name="Mocha Tests" time="4.337" tests="1" failures="0">
  <testsuite name="Root Suite" timestamp="2022-11-22T11:11:33" tests="0" file="cypress\e2e\test2.js" time="0.000" failures="0">
  </testsuite>
  <testsuite name="Headless suilte 2 i copied" timestamp="2022-11-22T11:11:33" tests="1" time="4.320" failures="0">
    <testcase name="Headless suilte 2 i copied Second test, bitch" time="3.391" classname="Second test, bitch">
    </testcase>
  </testsuite>
</testsuites>